2025-11-04 13:45:00,094 - ESGPipeline - INFO - Logging to: outputs/logs/esg_pipeline_20251104_134500.log
2025-11-04 13:45:00,098 - ESGPipeline - INFO - ✓ Configuration loaded from config.yaml
2025-11-04 13:45:00,099 - ESGPipeline - INFO - ✓ Configuration validated
2025-11-04 13:45:00,099 - ESGPipeline - INFO - 
============================================================
2025-11-04 13:45:00,100 - ESGPipeline - INFO - ESG SCORE PREDICTION SYSTEM
2025-11-04 13:45:00,100 - ESGPipeline - INFO - ============================================================
2025-11-04 13:45:00,100 - ESGPipeline - INFO - 
============================================================
2025-11-04 13:45:00,101 - ESGPipeline - INFO - STEP 1: Generating Dataset
2025-11-04 13:45:00,101 - ESGPipeline - INFO - ============================================================
2025-11-04 13:45:00,111 - ESGPipeline - INFO - ✓ Dataset validated: 100 samples, 6 features
2025-11-04 13:45:00,119 - ESGPipeline - INFO - 
✓ Generated 100 companies
2025-11-04 13:45:00,120 - ESGPipeline - INFO - ✓ Dataset saved to outputs/esg_dataset.csv
2025-11-04 13:45:00,120 - ESGPipeline - INFO - 
Dataset Statistics:
2025-11-04 13:45:00,137 - ESGPipeline - INFO - 
       CO2_Emissions     Energy_Use  Diversity_Index  Governance_Rating   ESG_Score
count     100.000000     100.000000       100.000000           100.0000  100.000000
mean   258520.310000  105099.390000        54.740000             6.9400   32.670000
std    141811.435809   60595.110839        22.385791             2.4197   13.765757
min     12869.000000    7368.000000        20.000000             3.0000   20.000000
25%    137677.250000   55817.000000        36.500000             5.0000   20.000000
50%    249084.500000  101927.000000        52.500000             7.0000   27.500000
75%    384491.000000  158470.000000        72.250000             9.0000   44.250000
max    492690.000000  199806.000000        94.000000            10.0000   67.000000
2025-11-04 13:45:00,137 - ESGPipeline - INFO - 
============================================================
2025-11-04 13:45:00,137 - ESGPipeline - INFO - STEP 2: Training Models
2025-11-04 13:45:00,137 - ESGPipeline - INFO - ============================================================
2025-11-04 13:45:00,139 - ESGPipeline - INFO - 
Training set: 80 samples
2025-11-04 13:45:00,139 - ESGPipeline - INFO - Test set: 20 samples
2025-11-04 13:45:00,140 - ESGPipeline - INFO - Features: 4
2025-11-04 13:45:00,140 - ESGPipeline - INFO - 
[1/3] Training Linear Regression...
2025-11-04 13:45:00,140 - ESGPipeline - INFO - ✓ Linear Regression trained successfully
2025-11-04 13:45:00,140 - ESGPipeline - INFO - 
[2/3] Training Random Forest...
2025-11-04 13:45:04,982 - ESGPipeline - INFO - ✓ Random Forest trained successfully
2025-11-04 13:45:04,983 - ESGPipeline - INFO - 
[3/3] Training XGBoost...
2025-11-04 13:45:05,047 - ESGPipeline - INFO - ✓ XGBoost trained successfully
2025-11-04 13:45:05,050 - ESGPipeline - INFO - ✓ Saved linear_regression to outputs/models/linear_regression_model.pkl (0.63 KB)
2025-11-04 13:45:05,118 - ESGPipeline - INFO - ✓ Saved random_forest to outputs/models/random_forest_model.pkl (89.00 KB)
2025-11-04 13:45:05,123 - ESGPipeline - INFO - ✓ Saved xgboost to outputs/models/xgboost_model.pkl (215.83 KB)
2025-11-04 13:45:05,123 - ESGPipeline - INFO - 
============================================================
2025-11-04 13:45:05,123 - ESGPipeline - INFO - STEP 3: Evaluating Models
2025-11-04 13:45:05,123 - ESGPipeline - INFO - ============================================================
2025-11-04 13:45:05,123 - ESGPipeline - INFO - 
Model Performance on Test Set:

2025-11-04 13:45:05,123 - ESGPipeline - INFO - Model                R²         MAE        RMSE      
2025-11-04 13:45:05,123 - ESGPipeline - INFO - --------------------------------------------------
2025-11-04 13:45:05,124 - ESGPipeline - INFO - linear_regression    0.7052     5.81       6.93      
2025-11-04 13:45:05,152 - ESGPipeline - INFO - random_forest        0.7869     4.62       5.89      
2025-11-04 13:45:05,155 - ESGPipeline - INFO - xgboost              0.5815     6.55       8.25      
2025-11-04 13:45:05,156 - ESGPipeline - INFO - 
✓ Metrics saved to outputs/metrics/evaluation_results.json
2025-11-04 13:45:05,156 - ESGPipeline - INFO - 
============================================================
2025-11-04 13:45:05,156 - ESGPipeline - INFO - STEP 4: Generating Visualizations
2025-11-04 13:45:05,156 - ESGPipeline - INFO - ============================================================
2025-11-04 13:45:06,519 - ESGPipeline - INFO - ✓ Model comparison chart saved
2025-11-04 13:45:07,131 - ESGPipeline - INFO - ✓ linear_regression prediction plot saved
2025-11-04 13:45:07,807 - ESGPipeline - INFO - ✓ random_forest prediction plot saved
2025-11-04 13:45:08,349 - ESGPipeline - INFO - ✓ xgboost prediction plot saved
2025-11-04 13:45:08,350 - ESGPipeline - INFO - 
✓ All visualizations generated
2025-11-04 13:45:08,350 - ESGPipeline - INFO - 
============================================================
2025-11-04 13:45:08,350 - ESGPipeline - INFO - PIPELINE COMPLETED SUCCESSFULLY
2025-11-04 13:45:08,350 - ESGPipeline - INFO - ============================================================
2025-11-04 13:45:08,351 - ESGPipeline - INFO - 
✓ Dataset: outputs/esg_dataset.csv
2025-11-04 13:45:08,351 - ESGPipeline - INFO - ✓ Models: outputs/models/
2025-11-04 13:45:08,351 - ESGPipeline - INFO - ✓ Metrics: outputs/metrics/
2025-11-04 13:45:08,351 - ESGPipeline - INFO - ✓ Visualizations: outputs/visualizations/
2025-11-04 13:45:08,351 - ESGPipeline - INFO - ✓ Execution time: 8.26 seconds
2025-11-04 13:45:08,351 - ESGPipeline - INFO - 

